<?xml version="1.0" encoding="UTF-8"?>
<!-- Generated by org.testng.reporters.JUnitXMLReporter -->
<testsuite hostname="DQAWLVAIBHAVD" name="Login" tests="9" failures="2" timestamp="16 May 2017 20:40:45 GMT" time="36.694" errors="0">
  <testcase name="Verify_Neagtive_Login_Scenario" time="15.371" classname="Test.Login_Test">
    <failure type="org.openqa.selenium.NoSuchElementException" message="An element could not be located on the page using the given search parameters. (WARNING: The server did not provide any stacktrace information)
Command duration or timeout: 15.36 seconds
For documentation on this error, please visit: http://seleniumhq.org/exceptions/no_such_element.html
Build info: version: &amp;apos;unknown&amp;apos;, revision: &amp;apos;1969d75&amp;apos;, time: &amp;apos;2016-10-18 09:43:45 -0700&amp;apos;
System info: host: &amp;apos;DQAWLVAIBHAVD&amp;apos;, ip: &amp;apos;10.0.0.5&amp;apos;, os.name: &amp;apos;Windows 7&amp;apos;, os.arch: &amp;apos;amd64&amp;apos;, os.version: &amp;apos;6.1&amp;apos;, java.version: &amp;apos;1.8.0_121&amp;apos;
Driver info: org.openqa.selenium.remote.RemoteWebDriver
Capabilities [{appPackage=com.what3words.android, networkConnectionEnabled=true, warnings={}, databaseEnabled=false, deviceName=G1AZGU016475CT3, version=6.0.1, platform=LINUX, appActivity=com.what3words.android.activities.WelcomeActivity_, desired={appPackage=com.what3words.android, appActivity=com.what3words.android.activities.WelcomeActivity_, browserName=Android, platformName=Android, deviceName=Asus, version=6.0.1}, platformVersion=6.0.1, webStorageEnabled=false, locationContextEnabled=false, browserName=Android, takesScreenshot=true, javascriptEnabled=true, platformName=Android}]
Session ID: 283f1fb6-ec43-4259-9f00-e2b31e49048e
*** Element info: {Using=id, value=com.what3words.android:id/login_email_address_field}">
      <![CDATA[org.openqa.selenium.NoSuchElementException: An element could not be located on the page using the given search parameters. (WARNING: The server did not provide any stacktrace information)
Command duration or timeout: 15.36 seconds
For documentation on this error, please visit: http://seleniumhq.org/exceptions/no_such_element.html
Build info: version: 'unknown', revision: '1969d75', time: '2016-10-18 09:43:45 -0700'
System info: host: 'DQAWLVAIBHAVD', ip: '10.0.0.5', os.name: 'Windows 7', os.arch: 'amd64', os.version: '6.1', java.version: '1.8.0_121'
Driver info: org.openqa.selenium.remote.RemoteWebDriver
Capabilities [{appPackage=com.what3words.android, networkConnectionEnabled=true, warnings={}, databaseEnabled=false, deviceName=G1AZGU016475CT3, version=6.0.1, platform=LINUX, appActivity=com.what3words.android.activities.WelcomeActivity_, desired={appPackage=com.what3words.android, appActivity=com.what3words.android.activities.WelcomeActivity_, browserName=Android, platformName=Android, deviceName=Asus, version=6.0.1}, platformVersion=6.0.1, webStorageEnabled=false, locationContextEnabled=false, browserName=Android, takesScreenshot=true, javascriptEnabled=true, platformName=Android}]
Session ID: 283f1fb6-ec43-4259-9f00-e2b31e49048e
*** Element info: {Using=id, value=com.what3words.android:id/login_email_address_field}
	at org.openqa.selenium.remote.ErrorHandler.createThrowable(ErrorHandler.java:216)
	at org.openqa.selenium.remote.ErrorHandler.throwIfResponseFailed(ErrorHandler.java:168)
	at org.openqa.selenium.remote.RemoteWebDriver.execute(RemoteWebDriver.java:635)
	at org.openqa.selenium.remote.RemoteWebDriver.findElement(RemoteWebDriver.java:368)
	at org.openqa.selenium.remote.RemoteWebDriver.findElementById(RemoteWebDriver.java:417)
	at org.openqa.selenium.By$ById.findElement(By.java:218)
	at org.openqa.selenium.remote.RemoteWebDriver.findElement(RemoteWebDriver.java:360)
	at Repository.Login$Repository.Username(Login.java:12)
	at Test.Login_Test.Verify_Neagtive_Login_Scenario(Login_Test.java:26)
... Removed 28 stack frames]]>
    </failure>
  </testcase> <!-- Verify_Neagtive_Login_Scenario -->
  <testcase name="Verify_Positive_Login_Scenario" time="15.453" classname="Test.Login_Test">
    <failure type="org.openqa.selenium.NoSuchElementException" message="An element could not be located on the page using the given search parameters. (WARNING: The server did not provide any stacktrace information)
Command duration or timeout: 15.45 seconds
For documentation on this error, please visit: http://seleniumhq.org/exceptions/no_such_element.html
Build info: version: &amp;apos;unknown&amp;apos;, revision: &amp;apos;1969d75&amp;apos;, time: &amp;apos;2016-10-18 09:43:45 -0700&amp;apos;
System info: host: &amp;apos;DQAWLVAIBHAVD&amp;apos;, ip: &amp;apos;10.0.0.5&amp;apos;, os.name: &amp;apos;Windows 7&amp;apos;, os.arch: &amp;apos;amd64&amp;apos;, os.version: &amp;apos;6.1&amp;apos;, java.version: &amp;apos;1.8.0_121&amp;apos;
Driver info: org.openqa.selenium.remote.RemoteWebDriver
Capabilities [{appPackage=com.what3words.android, networkConnectionEnabled=true, warnings={}, databaseEnabled=false, deviceName=G1AZGU016475CT3, version=6.0.1, platform=LINUX, appActivity=com.what3words.android.activities.WelcomeActivity_, desired={appPackage=com.what3words.android, appActivity=com.what3words.android.activities.WelcomeActivity_, browserName=Android, platformName=Android, deviceName=Asus, version=6.0.1}, platformVersion=6.0.1, webStorageEnabled=false, locationContextEnabled=false, browserName=Android, takesScreenshot=true, javascriptEnabled=true, platformName=Android}]
Session ID: 283f1fb6-ec43-4259-9f00-e2b31e49048e
*** Element info: {Using=id, value=com.what3words.android:id/login_email_address_field}">
      <![CDATA[org.openqa.selenium.NoSuchElementException: An element could not be located on the page using the given search parameters. (WARNING: The server did not provide any stacktrace information)
Command duration or timeout: 15.45 seconds
For documentation on this error, please visit: http://seleniumhq.org/exceptions/no_such_element.html
Build info: version: 'unknown', revision: '1969d75', time: '2016-10-18 09:43:45 -0700'
System info: host: 'DQAWLVAIBHAVD', ip: '10.0.0.5', os.name: 'Windows 7', os.arch: 'amd64', os.version: '6.1', java.version: '1.8.0_121'
Driver info: org.openqa.selenium.remote.RemoteWebDriver
Capabilities [{appPackage=com.what3words.android, networkConnectionEnabled=true, warnings={}, databaseEnabled=false, deviceName=G1AZGU016475CT3, version=6.0.1, platform=LINUX, appActivity=com.what3words.android.activities.WelcomeActivity_, desired={appPackage=com.what3words.android, appActivity=com.what3words.android.activities.WelcomeActivity_, browserName=Android, platformName=Android, deviceName=Asus, version=6.0.1}, platformVersion=6.0.1, webStorageEnabled=false, locationContextEnabled=false, browserName=Android, takesScreenshot=true, javascriptEnabled=true, platformName=Android}]
Session ID: 283f1fb6-ec43-4259-9f00-e2b31e49048e
*** Element info: {Using=id, value=com.what3words.android:id/login_email_address_field}
	at org.openqa.selenium.remote.ErrorHandler.createThrowable(ErrorHandler.java:216)
	at org.openqa.selenium.remote.ErrorHandler.throwIfResponseFailed(ErrorHandler.java:168)
	at org.openqa.selenium.remote.RemoteWebDriver.execute(RemoteWebDriver.java:635)
	at org.openqa.selenium.remote.RemoteWebDriver.findElement(RemoteWebDriver.java:368)
	at org.openqa.selenium.remote.RemoteWebDriver.findElementById(RemoteWebDriver.java:417)
	at org.openqa.selenium.By$ById.findElement(By.java:218)
	at org.openqa.selenium.remote.RemoteWebDriver.findElement(RemoteWebDriver.java:360)
	at Repository.Login$Repository.Username(Login.java:12)
	at Test.Login_Test.Verify_Positive_Login_Scenario(Login_Test.java:43)
... Removed 28 stack frames]]>
    </failure>
  </testcase> <!-- Verify_Positive_Login_Scenario -->
  <testcase name="Verify_Go_To_Map_Btn" time="1.169" classname="Test.Login_Test"/>
  <testcase name="verify_Menu_Btn" time="1.374" classname="Test.Login_Test"/>
  <testcase name="verify_Menu_Item_1" time="1.246" classname="Test.Login_Test"/>
  <testcase name="verify_Menu_Item_2" time="0.526" classname="Test.Login_Test"/>
  <testcase name="verify_Menu_Item_3" time="0.443" classname="Test.Login_Test"/>
  <testcase name="verify_Menu_Item_4" time="0.392" classname="Test.Login_Test"/>
  <testcase name="Pre_condition" time="0.702" classname="Test.Login_Test"/>
</testsuite> <!-- Login -->
