<html>
<head>
<title>TestNG:  Splash</title>
<link href="../testng.css" rel="stylesheet" type="text/css" />
<link href="../my-testng.css" rel="stylesheet" type="text/css" />

<style type="text/css">
.log { display: none;} 
.stack-trace { display: none;} 
</style>
<script type="text/javascript">
<!--
function flip(e) {
  current = e.style.display;
  if (current == 'block') {
    e.style.display = 'none';
    return 0;
  }
  else {
    e.style.display = 'block';
    return 1;
  }
}

function toggleBox(szDivId, elem, msg1, msg2)
{
  var res = -1;  if (document.getElementById) {
    res = flip(document.getElementById(szDivId));
  }
  else if (document.all) {
    // this is the way old msie versions work
    res = flip(document.all[szDivId]);
  }
  if(elem) {
    if(res == 0) elem.innerHTML = msg1; else elem.innerHTML = msg2;
  }

}

function toggleAllBoxes() {
  if (document.getElementsByTagName) {
    d = document.getElementsByTagName('div');
    for (i = 0; i < d.length; i++) {
      if (d[i].className == 'log') {
        flip(d[i]);
      }
    }
  }
}

// -->
</script>

</head>
<body>
<h2 align='center'>Splash</h2><table border='1' align="center">
<tr>
<td>Tests passed/Failed/Skipped:</td><td>0/0/9</td>
</tr><tr>
<td>Started on:</td><td>Wed May 17 14:55:38 IST 2017</td>
</tr>
<tr><td>Total time:</td><td>0 seconds (20 ms)</td>
</tr><tr>
<td>Included groups:</td><td></td>
</tr><tr>
<td>Excluded groups:</td><td></td>
</tr>
</table><p/>
<small><i>(Hover the method name to see the test class name)</i></small><p/>
<table width='100%' border='1' class='invocation-failed'>
<tr><td colspan='4' align='center'><b>FAILED CONFIGURATIONS</b></td></tr>
<tr><td><b>Test method</b></td>
<td width="30%"><b>Exception</b></td>
<td width="10%"><b>Time (seconds)</b></td>
<td><b>Instance</b></td>
</tr>
<tr>
<td title='Test.Splash_Menu_Test.setUp()'><b>setUp</b><br>Test class: Test.Splash_Menu_Test</td>
<td><div><pre>org.openqa.selenium.SessionNotCreatedException: A new session could not be created. (Original error: &apos;java -version&apos; failed. Error: Command failed: C:\windows\system32\cmd.exe /s /c &quot;java -version&quot;
Error: Could not create the Java Virtual Machine.
Error: A fatal exception has occurred. Program will exit.
) (WARNING: The server did not provide any stacktrace information)
Command duration or timeout: 0 milliseconds
Build info: version: &apos;unknown&apos;, revision: &apos;1969d75&apos;, time: &apos;2016-10-18 09:43:45 -0700&apos;
System info: host: &apos;DQAWLVAIBHAVD&apos;, ip: &apos;172.16.44.118&apos;, os.name: &apos;Windows 7&apos;, os.arch: &apos;amd64&apos;, os.version: &apos;6.1&apos;, java.version: &apos;1.8.0_121&apos;
Driver info: driver.version: RemoteWebDriver
	at org.openqa.selenium.remote.ErrorHandler.createThrowable(ErrorHandler.java:216)
	at org.openqa.selenium.remote.ErrorHandler.throwIfResponseFailed(ErrorHandler.java:168)
	at org.openqa.selenium.remote.ProtocolHandshake.createSession(ProtocolHandshake.java:161)
	at org.openqa.selenium.remote.ProtocolHandshake.createSession(ProtocolHandshake.java:64)
	at org.openqa.selenium.remote.HttpCommandExecutor.execute(HttpCommandExecutor.java:141)
	at org.openqa.selenium.remote.RemoteWebDriver.execute(RemoteWebDriver.java:601)
	at org.openqa.selenium.remote.RemoteWebDriver.startSession(RemoteWebDriver.java:241)
	at org.openqa.selenium.remote.RemoteWebDriver.&lt;init&gt;(RemoteWebDriver.java:128)
	at org.openqa.selenium.remote.RemoteWebDriver.&lt;init&gt;(RemoteWebDriver.java:155)
	at Generic.Launcher.setUp(Launcher.java:27)
... Removed 22 stack frames</pre></div><a href='#' onClick='toggleBox("stack-trace1759899303", this, "Click to show all stack frames", "Click to hide stack frames")'>Click to show all stack frames</a>
<div class='stack-trace' id='stack-trace1759899303'><pre>org.openqa.selenium.SessionNotCreatedException: A new session could not be created. (Original error: &apos;java -version&apos; failed. Error: Command failed: C:\windows\system32\cmd.exe /s /c &quot;java -version&quot;
Error: Could not create the Java Virtual Machine.
Error: A fatal exception has occurred. Program will exit.
) (WARNING: The server did not provide any stacktrace information)
Command duration or timeout: 0 milliseconds
Build info: version: &apos;unknown&apos;, revision: &apos;1969d75&apos;, time: &apos;2016-10-18 09:43:45 -0700&apos;
System info: host: &apos;DQAWLVAIBHAVD&apos;, ip: &apos;172.16.44.118&apos;, os.name: &apos;Windows 7&apos;, os.arch: &apos;amd64&apos;, os.version: &apos;6.1&apos;, java.version: &apos;1.8.0_121&apos;
Driver info: driver.version: RemoteWebDriver
	at sun.reflect.NativeConstructorAccessorImpl.newInstance0(Native Method)
	at sun.reflect.NativeConstructorAccessorImpl.newInstance(Unknown Source)
	at sun.reflect.DelegatingConstructorAccessorImpl.newInstance(Unknown Source)
	at java.lang.reflect.Constructor.newInstance(Unknown Source)
	at org.openqa.selenium.remote.ErrorHandler.createThrowable(ErrorHandler.java:216)
	at org.openqa.selenium.remote.ErrorHandler.throwIfResponseFailed(ErrorHandler.java:168)
	at org.openqa.selenium.remote.ProtocolHandshake.createSession(ProtocolHandshake.java:161)
	at org.openqa.selenium.remote.ProtocolHandshake.createSession(ProtocolHandshake.java:64)
	at org.openqa.selenium.remote.HttpCommandExecutor.execute(HttpCommandExecutor.java:141)
	at org.openqa.selenium.remote.RemoteWebDriver.execute(RemoteWebDriver.java:601)
	at org.openqa.selenium.remote.RemoteWebDriver.startSession(RemoteWebDriver.java:241)
	at org.openqa.selenium.remote.RemoteWebDriver.&lt;init&gt;(RemoteWebDriver.java:128)
	at org.openqa.selenium.remote.RemoteWebDriver.&lt;init&gt;(RemoteWebDriver.java:155)
	at Generic.Launcher.setUp(Launcher.java:27)
	at sun.reflect.NativeMethodAccessorImpl.invoke0(Native Method)
	at sun.reflect.NativeMethodAccessorImpl.invoke(Unknown Source)
	at sun.reflect.DelegatingMethodAccessorImpl.invoke(Unknown Source)
	at java.lang.reflect.Method.invoke(Unknown Source)
	at org.testng.internal.MethodInvocationHelper.invokeMethod(MethodInvocationHelper.java:86)
	at org.testng.internal.Invoker.invokeConfigurationMethod(Invoker.java:514)
	at org.testng.internal.Invoker.invokeConfigurations(Invoker.java:215)
	at org.testng.internal.Invoker.invokeConfigurations(Invoker.java:142)
	at org.testng.SuiteRunner.privateRun(SuiteRunner.java:305)
	at org.testng.SuiteRunner.run(SuiteRunner.java:268)
	at org.testng.SuiteRunnerWorker.runSuite(SuiteRunnerWorker.java:52)
	at org.testng.SuiteRunnerWorker.run(SuiteRunnerWorker.java:86)
	at org.testng.TestNG.runSuitesSequentially(TestNG.java:1244)
	at org.testng.TestNG.runSuitesLocally(TestNG.java:1169)
	at org.testng.TestNG.run(TestNG.java:1064)
	at org.testng.remote.RemoteTestNG.run(RemoteTestNG.java:113)
	at org.testng.remote.RemoteTestNG.initAndRun(RemoteTestNG.java:206)
	at org.testng.remote.RemoteTestNG.main(RemoteTestNG.java:177)
</pre></div></td>
<td>0</td>
<td>null</td></tr>
</table><p>
<table width='100%' border='1' class='invocation-skipped'>
<tr><td colspan='4' align='center'><b>SKIPPED TESTS</b></td></tr>
<tr><td><b>Test method</b></td>
<td width="30%"><b>Exception</b></td>
<td width="10%"><b>Time (seconds)</b></td>
<td><b>Instance</b></td>
</tr>
<tr>
<td title='Test.Splash_Menu_Test.Pre_condition()'><b>Pre_condition</b><br>Test class: Test.Splash_Menu_Test</td>
<td></td>
<td>0</td>
<td>Test.Splash_Menu_Test@2ff4f00f</td></tr>
<tr>
<td title='Test.Splash_Menu_Test.Verify_Go_To_Map_Btn()'><b>Verify_Go_To_Map_Btn</b><br>Test class: Test.Splash_Menu_Test</td>
<td></td>
<td>0</td>
<td>Test.Splash_Menu_Test@2ff4f00f</td></tr>
<tr>
<td title='Test.Login_Test.Verify_Neagtive_Login_Scenario()'><b>Verify_Neagtive_Login_Scenario</b><br>Test class: Test.Login_Test</td>
<td></td>
<td>0</td>
<td>Test.Login_Test@c818063</td></tr>
<tr>
<td title='Test.Login_Test.Verify_Positive_Login_Scenario()'><b>Verify_Positive_Login_Scenario</b><br>Test class: Test.Login_Test</td>
<td></td>
<td>0</td>
<td>Test.Login_Test@c818063</td></tr>
<tr>
<td title='Test.Splash_Menu_Test.verify_Menu_Btn()'><b>verify_Menu_Btn</b><br>Test class: Test.Splash_Menu_Test</td>
<td></td>
<td>0</td>
<td>Test.Splash_Menu_Test@2ff4f00f</td></tr>
<tr>
<td title='Test.Splash_Menu_Test.verify_Menu_Item_1()'><b>verify_Menu_Item_1</b><br>Test class: Test.Splash_Menu_Test</td>
<td></td>
<td>0</td>
<td>Test.Splash_Menu_Test@2ff4f00f</td></tr>
<tr>
<td title='Test.Splash_Menu_Test.verify_Menu_Item_2()'><b>verify_Menu_Item_2</b><br>Test class: Test.Splash_Menu_Test</td>
<td></td>
<td>0</td>
<td>Test.Splash_Menu_Test@2ff4f00f</td></tr>
<tr>
<td title='Test.Splash_Menu_Test.verify_Menu_Item_3()'><b>verify_Menu_Item_3</b><br>Test class: Test.Splash_Menu_Test</td>
<td></td>
<td>0</td>
<td>Test.Splash_Menu_Test@2ff4f00f</td></tr>
<tr>
<td title='Test.Splash_Menu_Test.verify_Menu_Item_4()'><b>verify_Menu_Item_4</b><br>Test class: Test.Splash_Menu_Test</td>
<td></td>
<td>0</td>
<td>Test.Splash_Menu_Test@2ff4f00f</td></tr>
</table><p>
</body>
</html>