<?xml version="1.0" encoding="UTF-8"?>
<!-- Generated by org.testng.reporters.JUnitXMLReporter -->
<testsuite hostname="DQAWLVAIBHAVD" name="Splash" tests="9" failures="0" timestamp="17 May 2017 09:25:38 GMT" time="0.02" errors="0">
  <testcase name="@BeforeSuite setUp" time="0.0" classname="Test.Splash_Menu_Test">
    <failure type="org.openqa.selenium.SessionNotCreatedException" message="A new session could not be created. (Original error: &amp;apos;java -version&amp;apos; failed. Error: Command failed: C:\windows\system32\cmd.exe /s /c &amp;quot;java -version&amp;quot;
Error: Could not create the Java Virtual Machine.
Error: A fatal exception has occurred. Program will exit.
) (WARNING: The server did not provide any stacktrace information)
Command duration or timeout: 0 milliseconds
Build info: version: &amp;apos;unknown&amp;apos;, revision: &amp;apos;1969d75&amp;apos;, time: &amp;apos;2016-10-18 09:43:45 -0700&amp;apos;
System info: host: &amp;apos;DQAWLVAIBHAVD&amp;apos;, ip: &amp;apos;172.16.44.118&amp;apos;, os.name: &amp;apos;Windows 7&amp;apos;, os.arch: &amp;apos;amd64&amp;apos;, os.version: &amp;apos;6.1&amp;apos;, java.version: &amp;apos;1.8.0_121&amp;apos;
Driver info: driver.version: RemoteWebDriver">
      <![CDATA[org.openqa.selenium.SessionNotCreatedException: A new session could not be created. (Original error: 'java -version' failed. Error: Command failed: C:\windows\system32\cmd.exe /s /c "java -version"
Error: Could not create the Java Virtual Machine.
Error: A fatal exception has occurred. Program will exit.
) (WARNING: The server did not provide any stacktrace information)
Command duration or timeout: 0 milliseconds
Build info: version: 'unknown', revision: '1969d75', time: '2016-10-18 09:43:45 -0700'
System info: host: 'DQAWLVAIBHAVD', ip: '172.16.44.118', os.name: 'Windows 7', os.arch: 'amd64', os.version: '6.1', java.version: '1.8.0_121'
Driver info: driver.version: RemoteWebDriver
	at org.openqa.selenium.remote.ErrorHandler.createThrowable(ErrorHandler.java:216)
	at org.openqa.selenium.remote.ErrorHandler.throwIfResponseFailed(ErrorHandler.java:168)
	at org.openqa.selenium.remote.ProtocolHandshake.createSession(ProtocolHandshake.java:161)
	at org.openqa.selenium.remote.ProtocolHandshake.createSession(ProtocolHandshake.java:64)
	at org.openqa.selenium.remote.HttpCommandExecutor.execute(HttpCommandExecutor.java:141)
	at org.openqa.selenium.remote.RemoteWebDriver.execute(RemoteWebDriver.java:601)
	at org.openqa.selenium.remote.RemoteWebDriver.startSession(RemoteWebDriver.java:241)
	at org.openqa.selenium.remote.RemoteWebDriver.<init>(RemoteWebDriver.java:128)
	at org.openqa.selenium.remote.RemoteWebDriver.<init>(RemoteWebDriver.java:155)
	at Generic.Launcher.setUp(Launcher.java:27)
... Removed 22 stack frames]]>
    </failure>
  </testcase> <!-- @BeforeSuite setUp -->
  <testcase name="Verify_Go_To_Map_Btn" time="0.0" classname="Test.Splash_Menu_Test">
    <skipped/>
  </testcase> <!-- Verify_Go_To_Map_Btn -->
  <testcase name="verify_Menu_Btn" time="0.001" classname="Test.Splash_Menu_Test">
    <skipped/>
  </testcase> <!-- verify_Menu_Btn -->
  <testcase name="verify_Menu_Item_1" time="0.0" classname="Test.Splash_Menu_Test">
    <skipped/>
  </testcase> <!-- verify_Menu_Item_1 -->
  <testcase name="verify_Menu_Item_2" time="0.0" classname="Test.Splash_Menu_Test">
    <skipped/>
  </testcase> <!-- verify_Menu_Item_2 -->
  <testcase name="verify_Menu_Item_3" time="0.0" classname="Test.Splash_Menu_Test">
    <skipped/>
  </testcase> <!-- verify_Menu_Item_3 -->
  <testcase name="verify_Menu_Item_4" time="0.0" classname="Test.Splash_Menu_Test">
    <skipped/>
  </testcase> <!-- verify_Menu_Item_4 -->
  <testcase name="Pre_condition" time="0.0" classname="Test.Splash_Menu_Test">
    <skipped/>
  </testcase> <!-- Pre_condition -->
  <testcase name="Verify_Neagtive_Login_Scenario" time="0.0" classname="Test.Login_Test">
    <skipped/>
  </testcase> <!-- Verify_Neagtive_Login_Scenario -->
  <testcase name="Verify_Positive_Login_Scenario" time="0.0" classname="Test.Login_Test">
    <skipped/>
  </testcase> <!-- Verify_Positive_Login_Scenario -->
</testsuite> <!-- Splash -->
